build/app/intermediates/manifest_merge_blame_file/debug/manifest-merger-blame-debug-report.txt
1<?xml version="1.0" encoding="utf-8"?>
2<manifest xmlns:android="http://schemas.android.com/apk/res/android"
3    package="com.hungps.flutterpokedex"
4    android:versionCode="1"
5    android:versionName="1.0.0" >
6
7    <uses-sdk
8        android:minSdkVersion="16"
9        android:targetSdkVersion="30" />
10    <!--
11         Flutter needs it to communicate with the running application
12         to allow setting breakpoints, to provide hot reload, etc.
13    -->
14    <uses-permission android:name="android.permission.INTERNET" />
14-->src\main\AndroidManifest.xml:10:5-66
14-->src\main\AndroidManifest.xml:10:22-64
15
16    <application
16-->src\main\AndroidManifest.xml:12:5-52:19
17        android:appComponentFactory="androidx.core.app.CoreComponentFactory"
17-->[androidx.core:core:1.1.0] AndroidManifest.xml:24:18-86
18        android:debuggable="true"
19        android:hardwareAccelerated="true"
19-->src\main\AndroidManifest.xml:15:9-43
20        android:icon="@mipmap/ic_launcher"
20-->src\main\AndroidManifest.xml:14:9-43
21        android:label="Pokedex" >
21-->src\main\AndroidManifest.xml:13:9-32
22        <activity
22-->src\main\AndroidManifest.xml:16:9-45:20
23            android:name="com.hungps.flutterpokedex.MainActivity"
23-->src\main\AndroidManifest.xml:17:13-41
24            android:configChanges="orientation|keyboardHidden|keyboard|screenSize|smallestScreenSize|locale|layoutDirection|fontScale|screenLayout|density|uiMode"
24-->src\main\AndroidManifest.xml:20:13-163
25            android:hardwareAccelerated="true"
25-->src\main\AndroidManifest.xml:21:13-47
26            android:launchMode="singleTop"
26-->src\main\AndroidManifest.xml:18:13-43
27            android:theme="@style/LaunchTheme"
27-->src\main\AndroidManifest.xml:19:13-47
28            android:windowSoftInputMode="adjustResize" >
28-->src\main\AndroidManifest.xml:22:13-55
29
30            <!--
31                 Specifies an Android theme to apply to this Activity as soon as
32                 the Android process has started. This theme is visible to the user
33                 while the Flutter UI initializes. After that, this theme continues
34                 to determine the Window background behind the Flutter UI.
35            -->
36            <meta-data
36-->src\main\AndroidManifest.xml:28:13-30:55
37                android:name="io.flutter.embedding.android.NormalTheme"
37-->src\main\AndroidManifest.xml:29:15-70
38                android:resource="@style/NormalTheme" />
38-->src\main\AndroidManifest.xml:30:15-52
39
40            <!--
41                 Displays an Android View that continues showing the launch screen
42                 Drawable until Flutter paints its first frame, then this splash
43                 screen fades out. A splash screen is useful to avoid any visual
44                 gap between the end of Android's launch screen and the painting of
45                 Flutter's first frame.
46            -->
47            <meta-data
47-->src\main\AndroidManifest.xml:37:13-39:64
48                android:name="io.flutter.embedding.android.SplashScreenDrawable"
48-->src\main\AndroidManifest.xml:38:15-79
49                android:resource="@drawable/launch_background" />
49-->src\main\AndroidManifest.xml:39:15-61
50
51            <intent-filter>
51-->src\main\AndroidManifest.xml:41:13-44:29
52                <action android:name="android.intent.action.MAIN" />
52-->src\main\AndroidManifest.xml:42:17-68
52-->src\main\AndroidManifest.xml:42:25-66
53
54                <category android:name="android.intent.category.LAUNCHER" />
54-->src\main\AndroidManifest.xml:43:17-76
54-->src\main\AndroidManifest.xml:43:27-74
55            </intent-filter>
56        </activity>
57
58        <!-- This is used by the Flutter tool to generate GeneratedPluginRegistrant.java -->
59        <meta-data
59-->src\main\AndroidManifest.xml:48:9-50:33
60            android:name="flutterEmbedding"
60-->src\main\AndroidManifest.xml:49:13-44
61            android:value="2" />
61-->src\main\AndroidManifest.xml:50:13-30
62    </application>
63
64</manifest>